Using pre-set license
Built from '2020.3/staging' branch; Version is '2020.3.13f1 (71691879b7f5) revision 7432472'; Using compiler version '192528614'; Build Type 'Release'
OS: 'Windows 10 Home; OS build 19043.1348; Version 2009; 64bit' Language: 'es' Physical Memory: 16269 MB
BatchMode: 1, IsHumanControllingUs: 0, StartBugReporterOnCrash: 0, Is64bit: 1, IsPro: 0

 COMMAND LINE ARGUMENTS:
C:\Program Files\Unity\Hub\Editor\2020.3.13f1\Editor\Unity.exe
-adb2
-batchMode
-noUpm
-name
AssetImportWorker0
-projectPath
C:/Users/jorge/Desktop/ESTUDIOS/21-22/1/VDM/P2/Flow
-logFile
Logs/AssetImportWorker0.log
-srvPort
55436
Successfully changed project path to: C:/Users/jorge/Desktop/ESTUDIOS/21-22/1/VDM/P2/Flow
C:/Users/jorge/Desktop/ESTUDIOS/21-22/1/VDM/P2/Flow
Using Asset Import Pipeline V2.
Refreshing native plugins compatible for Editor in 70.99 ms, found 3 plugins.
Preloading 0 native plugins for Editor in 0.00 ms.
Initialize engine version: 2020.3.13f1 (71691879b7f5)
[Subsystems] Discovering subsystems at path C:/Program Files/Unity/Hub/Editor/2020.3.13f1/Editor/Data/Resources/UnitySubsystems
[Subsystems] Discovering subsystems at path C:/Users/jorge/Desktop/ESTUDIOS/21-22/1/VDM/P2/Flow/Assets
GfxDevice: creating device client; threaded=0
Direct3D:
    Version:  Direct3D 11.0 [level 11.1]
    Renderer: NVIDIA GeForce GTX 1050 (ID=0x1c8d)
    Vendor:   
    VRAM:     1977 MB
    Driver:   27.21.14.5671
Initialize mono
Mono path[0] = 'C:/Program Files/Unity/Hub/Editor/2020.3.13f1/Editor/Data/Managed'
Mono path[1] = 'C:/Program Files/Unity/Hub/Editor/2020.3.13f1/Editor/Data/MonoBleedingEdge/lib/mono/unityjit'
Mono config path = 'C:/Program Files/Unity/Hub/Editor/2020.3.13f1/Editor/Data/MonoBleedingEdge/etc'
Using monoOptions --debugger-agent=transport=dt_socket,embedding=1,server=y,suspend=n,address=127.0.0.1:56868
Begin MonoManager ReloadAssembly
Registering precompiled unity dll's ...
Register platform support module: C:/Program Files/Unity/Hub/Editor/2020.3.13f1/Editor/Data/PlaybackEngines/WindowsStandaloneSupport/UnityEditor.WindowsStandalone.Extensions.dll
Registered in 0.002949 seconds.
Native extension for WindowsStandalone target not found
Refreshing native plugins compatible for Editor in 96.03 ms, found 3 plugins.
Preloading 0 native plugins for Editor in 0.00 ms.
Mono: successfully reloaded assembly
- Completed reload, in  3.076 seconds
Platform modules already initialized, skipping
Registering precompiled user dll's ...
Registered in 0.005652 seconds.
Begin MonoManager ReloadAssembly
Native extension for WindowsStandalone target not found
Refreshing native plugins compatible for Editor in 60.38 ms, found 3 plugins.
Preloading 0 native plugins for Editor in 0.00 ms.
Mono: successfully reloaded assembly
- Completed reload, in  1.484 seconds
Platform modules already initialized, skipping
========================================================================
Worker process is ready to serve import requests
Launched and connected shader compiler UnityShaderCompiler.exe after 0.06 seconds
Refreshing native plugins compatible for Editor in 0.66 ms, found 3 plugins.
Preloading 0 native plugins for Editor in 0.00 ms.
Unloading 2250 Unused Serialized files (Serialized files now loaded: 0)
System memory in use before: 97.0 MB.
System memory in use after: 96.9 MB.

Unloading 56 unused Assets to reduce memory usage. Loaded Objects now: 2660.
Total: 2.804800 ms (FindLiveObjects: 0.201600 ms CreateObjectMapping: 0.098500 ms MarkObjects: 2.254700 ms  DeleteObjects: 0.248800 ms)

AssetImportParameters requested are different than current active one (requested -> active):
  custom:framework-win-MediaFoundation: 216162199b28c13a410421893ffa2e32 -> 
  custom:video-decoder-ogg-theora: a1e56fd34408186e4bbccfd4996cb3dc -> 
  custom:container-muxer-webm: aa71ff27fc2769a1b78a27578f13a17b -> 
  custom:container-demuxer-webm: 4f35f7cbe854078d1ac9338744f61a02 -> 
  custom:container-demuxer-ogg: 62fdf1f143b41e24485cea50d1cbac27 -> 
  custom:video-encoder-webm-vp8: eb34c28f22e8b96e1ab97ce403110664 -> 
  custom:video-decoder-webm-vp8: 9c59270c3fd7afecdb556c50c9e8de78 -> 
  custom:audio-decoder-ogg-vorbis: bf7c407c2cedff20999df2af8eb42d56 -> 
  custom:audio-encoder-webm-vorbis: bf7c407c2cedff20999df2af8eb42d56 -> 
========================================================================
Received Import Request.
  path: Assets/Data/Images/button.undo.selected-hd.png
  artifactKey: Guid(58f01630c0d1648418a6ec1dc9c7ece6) Importer(815301076,1909f56bfc062723c751e8b465ee728b)
Start importing Assets/Data/Images/button.undo.selected-hd.png using Guid(58f01630c0d1648418a6ec1dc9c7ece6) Importer(815301076,1909f56bfc062723c751e8b465ee728b)  -> (artifact id: '907d466ec635fb5376a68d67000f255f') in 0.140140 seconds 
  Import took 0.143898 seconds .

========================================================================
Received Import Request.
  Time since last request: 0.000338 seconds.
  path: Assets/Data/Images/button.back.selected-hd.png
  artifactKey: Guid(20c00a81ee07dff45badc144c25c2eed) Importer(815301076,1909f56bfc062723c751e8b465ee728b)
Start importing Assets/Data/Images/button.back.selected-hd.png using Guid(20c00a81ee07dff45badc144c25c2eed) Importer(815301076,1909f56bfc062723c751e8b465ee728b)  -> (artifact id: 'e02fe4b484fbfbe89281164b4cfdd3b7') in 0.022602 seconds 
  Import took 0.028936 seconds .

========================================================================
Received Import Request.
  Time since last request: 0.000288 seconds.
  path: Assets/Data/Images/button.rewarded.video.disabled-hd.png
  artifactKey: Guid(64f98abc90d55af42acc273ffde72625) Importer(815301076,1909f56bfc062723c751e8b465ee728b)
Start importing Assets/Data/Images/button.rewarded.video.disabled-hd.png using Guid(64f98abc90d55af42acc273ffde72625) Importer(815301076,1909f56bfc062723c751e8b465ee728b)  -> (artifact id: '712277458337656ab907e7de2bbeaf58') in 0.021956 seconds 
  Import took 0.027157 seconds .

========================================================================
Received Import Request.
  Time since last request: 0.000243 seconds.
  path: Assets/Data/Images/button.settings.selected-hd.png
  artifactKey: Guid(8cec6ed51053c7345907b3351ba382d8) Importer(815301076,1909f56bfc062723c751e8b465ee728b)
Start importing Assets/Data/Images/button.settings.selected-hd.png using Guid(8cec6ed51053c7345907b3351ba382d8) Importer(815301076,1909f56bfc062723c751e8b465ee728b)  -> (artifact id: '4902fc4ec4c69af8459b1ad650f1e255') in 0.022429 seconds 
  Import took 0.026800 seconds .

========================================================================
Received Import Request.
  Time since last request: 0.000234 seconds.
  path: Assets/Data/Images/button.rewarded.video.selected-hd.png
  artifactKey: Guid(c7faa30a804b72344b0e090d006c1d98) Importer(815301076,1909f56bfc062723c751e8b465ee728b)
Start importing Assets/Data/Images/button.rewarded.video.selected-hd.png using Guid(c7faa30a804b72344b0e090d006c1d98) Importer(815301076,1909f56bfc062723c751e8b465ee728b)  -> (artifact id: '4e272159177f6e01539495cef828c461') in 0.015544 seconds 
  Import took 0.020929 seconds .

========================================================================
Received Import Request.
  Time since last request: 0.000237 seconds.
  path: Assets/Data/Images/button.next.selected-hd.png
  artifactKey: Guid(96068be28767d4d41b5367286965a5e8) Importer(815301076,1909f56bfc062723c751e8b465ee728b)
Start importing Assets/Data/Images/button.next.selected-hd.png using Guid(96068be28767d4d41b5367286965a5e8) Importer(815301076,1909f56bfc062723c751e8b465ee728b)  -> (artifact id: '9cbe7c91ae6169f96f0163a3fc915d08') in 0.015630 seconds 
  Import took 0.019213 seconds .

========================================================================
Received Import Request.
  Time since last request: 0.000271 seconds.
  path: Assets/Data/Images/button.restart.selected-hd.png
  artifactKey: Guid(dd9be33d4d74c974d907984deb54a1d1) Importer(815301076,1909f56bfc062723c751e8b465ee728b)
Start importing Assets/Data/Images/button.restart.selected-hd.png using Guid(dd9be33d4d74c974d907984deb54a1d1) Importer(815301076,1909f56bfc062723c751e8b465ee728b)  -> (artifact id: 'e97a6eb21e9b76e955708eefde5eaff1') in 0.016247 seconds 
  Import took 0.020352 seconds .

========================================================================
Received Import Request.
  Time since last request: 0.000224 seconds.
  path: Assets/Data/Images/button.hint.bulb.selected-hd.png
  artifactKey: Guid(2dcb6da6683ebd34c8b82a6f85d21005) Importer(815301076,1909f56bfc062723c751e8b465ee728b)
Start importing Assets/Data/Images/button.hint.bulb.selected-hd.png using Guid(2dcb6da6683ebd34c8b82a6f85d21005) Importer(815301076,1909f56bfc062723c751e8b465ee728b)  -> (artifact id: '6a6c6ee775b0a6f2b719f5fd806d3cfb') in 0.018166 seconds 
  Import took 0.022496 seconds .

========================================================================
Received Import Request.
  Time since last request: 58.392626 seconds.
  path: Assets/Data/Images
  artifactKey: Guid(b886338a0092b9c41bf5c3a357e7b5d8) Importer(815301076,1909f56bfc062723c751e8b465ee728b)
Start importing Assets/Data/Images using Guid(b886338a0092b9c41bf5c3a357e7b5d8) Importer(815301076,1909f56bfc062723c751e8b465ee728b)  -> (artifact id: '207f2bf48b4f084fb0d63fde681868fd') in 0.008140 seconds 
  Import took 0.012092 seconds .

========================================================================
Received Import Request.
  Time since last request: 355.962270 seconds.
  path: Assets/Data/Images/button.back.unselected-hd.png
  artifactKey: Guid(8c2cca9fecd227d419752e5bdde88143) Importer(815301076,1909f56bfc062723c751e8b465ee728b)
Start importing Assets/Data/Images/button.back.unselected-hd.png using Guid(8c2cca9fecd227d419752e5bdde88143) Importer(815301076,1909f56bfc062723c751e8b465ee728b)  -> (artifact id: '97bb4d2fb43a54f79494dacda64cfe61') in 0.019769 seconds 
  Import took 0.024451 seconds .

========================================================================
Received Import Request.
  Time since last request: 0.005260 seconds.
  path: Assets/Data/Images/button.back.unselected-hd.png
  artifactKey: Guid(8c2cca9fecd227d419752e5bdde88143) Importer(815301076,1909f56bfc062723c751e8b465ee728b)
Start importing Assets/Data/Images/button.back.unselected-hd.png using Guid(8c2cca9fecd227d419752e5bdde88143) Importer(815301076,1909f56bfc062723c751e8b465ee728b)  -> (artifact id: '97bb4d2fb43a54f79494dacda64cfe61') in 0.014444 seconds 
  Import took 0.019103 seconds .

========================================================================
Received Import Request.
  Time since last request: 19.517496 seconds.
  path: Assets/Data/Images/button.back.selected-hd.png
  artifactKey: Guid(20c00a81ee07dff45badc144c25c2eed) Importer(815301076,1909f56bfc062723c751e8b465ee728b)
Start importing Assets/Data/Images/button.back.selected-hd.png using Guid(20c00a81ee07dff45badc144c25c2eed) Importer(815301076,1909f56bfc062723c751e8b465ee728b)  -> (artifact id: 'e0477a0143cbdea3e7d689edf3f2af0e') in 0.016136 seconds 
  Import took 0.021235 seconds .

========================================================================
Received Import Request.
  Time since last request: 8.509003 seconds.
  path: Assets/Data/Images/button.back.unselected-hd.png
  artifactKey: Guid(8c2cca9fecd227d419752e5bdde88143) Importer(815301076,1909f56bfc062723c751e8b465ee728b)
Start importing Assets/Data/Images/button.back.unselected-hd.png using Guid(8c2cca9fecd227d419752e5bdde88143) Importer(815301076,1909f56bfc062723c751e8b465ee728b)  -> (artifact id: 'fe68e42d9527199bbc6efc0c55343594') in 0.016195 seconds 
  Import took 0.021171 seconds .

========================================================================
Received Import Request.
  Time since last request: 47.425931 seconds.
  path: Assets/Data/Images/button.back.unselected-hd.png
  artifactKey: Guid(8c2cca9fecd227d419752e5bdde88143) Importer(815301076,1909f56bfc062723c751e8b465ee728b)
Start importing Assets/Data/Images/button.back.unselected-hd.png using Guid(8c2cca9fecd227d419752e5bdde88143) Importer(815301076,1909f56bfc062723c751e8b465ee728b)  -> (artifact id: '3d9c5d96379cb10af9c55104a3e4571d') in 0.016168 seconds 
  Import took 0.020311 seconds .

========================================================================
Received Import Request.
  Time since last request: 3.593183 seconds.
  path: Assets/Data/Images/button.back.unselected-hd.png
  artifactKey: Guid(8c2cca9fecd227d419752e5bdde88143) Importer(815301076,1909f56bfc062723c751e8b465ee728b)
Start importing Assets/Data/Images/button.back.unselected-hd.png using Guid(8c2cca9fecd227d419752e5bdde88143) Importer(815301076,1909f56bfc062723c751e8b465ee728b)  -> (artifact id: 'e8e2558c7be33776389d71cb054f013d') in 0.016472 seconds 
  Import took 0.021418 seconds .

========================================================================
Received Import Request.
  Time since last request: 7.046672 seconds.
  path: Assets/Data/Images/button.back.unselected-hd.png
  artifactKey: Guid(8c2cca9fecd227d419752e5bdde88143) Importer(815301076,1909f56bfc062723c751e8b465ee728b)
Start importing Assets/Data/Images/button.back.unselected-hd.png using Guid(8c2cca9fecd227d419752e5bdde88143) Importer(815301076,1909f56bfc062723c751e8b465ee728b)  -> (artifact id: 'f67734d585d83970bb4eea5cf798679f') in 0.016334 seconds 
  Import took 0.022515 seconds .

========================================================================
Received Import Request.
  Time since last request: 2.458901 seconds.
  path: Assets/Data/Images/button.back.unselected-hd.png
  artifactKey: Guid(8c2cca9fecd227d419752e5bdde88143) Importer(815301076,1909f56bfc062723c751e8b465ee728b)
Start importing Assets/Data/Images/button.back.unselected-hd.png using Guid(8c2cca9fecd227d419752e5bdde88143) Importer(815301076,1909f56bfc062723c751e8b465ee728b)  -> (artifact id: '63b77b03836ba76b38e1b05e0d53f51f') in 0.021617 seconds 
  Import took 0.028325 seconds .

========================================================================
Received Import Request.
  Time since last request: 13.953532 seconds.
  path: Assets/Data/Images/button.back.unselected-hd.png
  artifactKey: Guid(8c2cca9fecd227d419752e5bdde88143) Importer(815301076,1909f56bfc062723c751e8b465ee728b)
Start importing Assets/Data/Images/button.back.unselected-hd.png using Guid(8c2cca9fecd227d419752e5bdde88143) Importer(815301076,1909f56bfc062723c751e8b465ee728b)  -> (artifact id: '327308dad7e1a4e16013ad90be9533fd') in 0.017218 seconds 
  Import took 0.021995 seconds .

========================================================================
Received Import Request.
  Time since last request: 26.833780 seconds.
  path: Assets/Data/Images/button.back.selected-hd.png
  artifactKey: Guid(20c00a81ee07dff45badc144c25c2eed) Importer(815301076,1909f56bfc062723c751e8b465ee728b)
Start importing Assets/Data/Images/button.back.selected-hd.png using Guid(20c00a81ee07dff45badc144c25c2eed) Importer(815301076,1909f56bfc062723c751e8b465ee728b)  -> (artifact id: '28c72bbeac285c30b0776811b4d1a9a7') in 0.019501 seconds 
  Import took 0.024403 seconds .

========================================================================
Received Import Request.
  Time since last request: 0.005288 seconds.
  path: Assets/Data/Images/button.back.selected-hd.png
  artifactKey: Guid(20c00a81ee07dff45badc144c25c2eed) Importer(815301076,1909f56bfc062723c751e8b465ee728b)
Start importing Assets/Data/Images/button.back.selected-hd.png using Guid(20c00a81ee07dff45badc144c25c2eed) Importer(815301076,1909f56bfc062723c751e8b465ee728b)  -> (artifact id: '28c72bbeac285c30b0776811b4d1a9a7') in 0.016828 seconds 
  Import took 0.021425 seconds .

========================================================================
Received Import Request.
  Time since last request: 17.138394 seconds.
  path: Assets/Data/Images/button.hint.bulb.selected-hd.png
  artifactKey: Guid(2dcb6da6683ebd34c8b82a6f85d21005) Importer(815301076,1909f56bfc062723c751e8b465ee728b)
Start importing Assets/Data/Images/button.hint.bulb.selected-hd.png using Guid(2dcb6da6683ebd34c8b82a6f85d21005) Importer(815301076,1909f56bfc062723c751e8b465ee728b)  -> (artifact id: '579c20f82c1650e284aeca920dcadfed') in 0.018097 seconds 
  Import took 0.023558 seconds .

========================================================================
Received Import Request.
  Time since last request: 3.879396 seconds.
  path: Assets/Data/Images/button.hint.bulb.unselected-hd.png
  artifactKey: Guid(fea5577cf9db0204da0a16e036732289) Importer(815301076,1909f56bfc062723c751e8b465ee728b)
Start importing Assets/Data/Images/button.hint.bulb.unselected-hd.png using Guid(fea5577cf9db0204da0a16e036732289) Importer(815301076,1909f56bfc062723c751e8b465ee728b)  -> (artifact id: '8b75f9e01636f2c7227fc62976fff25c') in 0.024601 seconds 
  Import took 0.031370 seconds .

========================================================================
Received Import Request.
  Time since last request: 3.436237 seconds.
  path: Assets/Data/Images/button.next.selected-hd.png
  artifactKey: Guid(96068be28767d4d41b5367286965a5e8) Importer(815301076,1909f56bfc062723c751e8b465ee728b)
Start importing Assets/Data/Images/button.next.selected-hd.png using Guid(96068be28767d4d41b5367286965a5e8) Importer(815301076,1909f56bfc062723c751e8b465ee728b)  -> (artifact id: '9fee2253ad2228f0c35d863230b2f8f0') in 0.016815 seconds 
  Import took 0.021030 seconds .

========================================================================
Received Import Request.
  Time since last request: 3.602810 seconds.
  path: Assets/Data/Images/button.next.unselected-hd.png
  artifactKey: Guid(2caec55ac1f6c064e8a3a89968829739) Importer(815301076,1909f56bfc062723c751e8b465ee728b)
Start importing Assets/Data/Images/button.next.unselected-hd.png using Guid(2caec55ac1f6c064e8a3a89968829739) Importer(815301076,1909f56bfc062723c751e8b465ee728b)  -> (artifact id: '2b6f40a5d7867a963bc2d2603804b654') in 0.019274 seconds 
  Import took 0.025759 seconds .

========================================================================
Received Import Request.
  Time since last request: 4.218971 seconds.
  path: Assets/Data/Images/button.restart.selected-hd.png
  artifactKey: Guid(dd9be33d4d74c974d907984deb54a1d1) Importer(815301076,1909f56bfc062723c751e8b465ee728b)
Start importing Assets/Data/Images/button.restart.selected-hd.png using Guid(dd9be33d4d74c974d907984deb54a1d1) Importer(815301076,1909f56bfc062723c751e8b465ee728b)  -> (artifact id: '3d10c793cf4821233ea56903c0fc75d9') in 0.014729 seconds 
  Import took 0.019883 seconds .

========================================================================
Received Import Request.
  Time since last request: 3.951164 seconds.
  path: Assets/Data/Images/button.restart.unselected-hd.png
  artifactKey: Guid(465230b4377d05e4885d909fa9b8da85) Importer(815301076,1909f56bfc062723c751e8b465ee728b)
Start importing Assets/Data/Images/button.restart.unselected-hd.png using Guid(465230b4377d05e4885d909fa9b8da85) Importer(815301076,1909f56bfc062723c751e8b465ee728b)  -> (artifact id: '5b0d04bfdd2221d9f2f2fa3d1d9cb859') in 0.020443 seconds 
  Import took 0.025171 seconds .

========================================================================
Received Import Request.
  Time since last request: 3.778865 seconds.
  path: Assets/Data/Images/button.rewarded.video.disabled-hd.png
  artifactKey: Guid(64f98abc90d55af42acc273ffde72625) Importer(815301076,1909f56bfc062723c751e8b465ee728b)
Start importing Assets/Data/Images/button.rewarded.video.disabled-hd.png using Guid(64f98abc90d55af42acc273ffde72625) Importer(815301076,1909f56bfc062723c751e8b465ee728b)  -> (artifact id: 'efb1608c6c632eed9d87c6ad683d9208') in 0.016562 seconds 
  Import took 0.021103 seconds .

========================================================================
Received Import Request.
  Time since last request: 3.752579 seconds.
  path: Assets/Data/Images/button.rewarded.video.selected-hd.png
  artifactKey: Guid(c7faa30a804b72344b0e090d006c1d98) Importer(815301076,1909f56bfc062723c751e8b465ee728b)
Start importing Assets/Data/Images/button.rewarded.video.selected-hd.png using Guid(c7faa30a804b72344b0e090d006c1d98) Importer(815301076,1909f56bfc062723c751e8b465ee728b)  -> (artifact id: '4116d0f004333b63dc12cc6fe40bf87b') in 0.017100 seconds 
  Import took 0.023151 seconds .

========================================================================
Received Import Request.
  Time since last request: 4.170007 seconds.
  path: Assets/Data/Images/button.rewarded.video.unselected-hd.png
  artifactKey: Guid(9c6f724b12ec2f3439ebf1f9ab5f3f9b) Importer(815301076,1909f56bfc062723c751e8b465ee728b)
Start importing Assets/Data/Images/button.rewarded.video.unselected-hd.png using Guid(9c6f724b12ec2f3439ebf1f9ab5f3f9b) Importer(815301076,1909f56bfc062723c751e8b465ee728b)  -> (artifact id: 'b8f0b438947a68cf6bb59f521afb3141') in 0.018035 seconds 
  Import took 0.024258 seconds .

========================================================================
Received Import Request.
  Time since last request: 3.544766 seconds.
  path: Assets/Data/Images/button.settings.selected-hd.png
  artifactKey: Guid(8cec6ed51053c7345907b3351ba382d8) Importer(815301076,1909f56bfc062723c751e8b465ee728b)
Start importing Assets/Data/Images/button.settings.selected-hd.png using Guid(8cec6ed51053c7345907b3351ba382d8) Importer(815301076,1909f56bfc062723c751e8b465ee728b)  -> (artifact id: '2d8b4bcb686457f409159c2582c6d224') in 0.020730 seconds 
  Import took 0.026843 seconds .

========================================================================
Received Import Request.
  Time since last request: 4.394975 seconds.
  path: Assets/Data/Images/button.settings.unselected-hd.png
  artifactKey: Guid(5016e12566f363e4990c2ed3fc4531be) Importer(815301076,1909f56bfc062723c751e8b465ee728b)
Start importing Assets/Data/Images/button.settings.unselected-hd.png using Guid(5016e12566f363e4990c2ed3fc4531be) Importer(815301076,1909f56bfc062723c751e8b465ee728b)  -> (artifact id: '9ead5fefe98b233d16755bf3c3241b34') in 0.018423 seconds 
  Import took 0.023880 seconds .

========================================================================
Received Import Request.
  Time since last request: 6.698191 seconds.
  path: Assets/Data/Images/button.undo.selected-hd.png
  artifactKey: Guid(58f01630c0d1648418a6ec1dc9c7ece6) Importer(815301076,1909f56bfc062723c751e8b465ee728b)
Start importing Assets/Data/Images/button.undo.selected-hd.png using Guid(58f01630c0d1648418a6ec1dc9c7ece6) Importer(815301076,1909f56bfc062723c751e8b465ee728b)  -> (artifact id: '0b3ae74439f9465b7a1fa0d4bb71eca2') in 0.018109 seconds 
  Import took 0.023367 seconds .

========================================================================
Received Import Request.
  Time since last request: 0.000260 seconds.
  path: Assets/Data/Images/button.undo.unselected-hd.png
  artifactKey: Guid(2527039c43463b345a4ec3d6384e36e2) Importer(815301076,1909f56bfc062723c751e8b465ee728b)
Start importing Assets/Data/Images/button.undo.unselected-hd.png using Guid(2527039c43463b345a4ec3d6384e36e2) Importer(815301076,1909f56bfc062723c751e8b465ee728b)  -> (artifact id: '59cd89ec70cd574886c550d216ece6f6') in 0.022093 seconds 
  Import took 0.027346 seconds .

========================================================================
Received Import Request.
  Time since last request: 0.000257 seconds.
  path: Assets/Data/Images/level.passed-hd.png
  artifactKey: Guid(56fadeae5dbcb474a8705f5c5027d969) Importer(815301076,1909f56bfc062723c751e8b465ee728b)
Start importing Assets/Data/Images/level.passed-hd.png using Guid(56fadeae5dbcb474a8705f5c5027d969) Importer(815301076,1909f56bfc062723c751e8b465ee728b)  -> (artifact id: '456fae1b17b5bc1a74b23f7eda7ccaeb') in 0.020635 seconds 
  Import took 0.026809 seconds .

========================================================================
Received Import Request.
  Time since last request: 0.000237 seconds.
  path: Assets/Data/Images/level.perfect-hd.png
  artifactKey: Guid(22357d85b08e9864e98b734ba2a85e51) Importer(815301076,1909f56bfc062723c751e8b465ee728b)
Start importing Assets/Data/Images/level.perfect-hd.png using Guid(22357d85b08e9864e98b734ba2a85e51) Importer(815301076,1909f56bfc062723c751e8b465ee728b)  -> (artifact id: '68879b145ccb5824789ebebdfb027902') in 0.023683 seconds 
  Import took 0.028984 seconds .

========================================================================
Received Import Request.
  Time since last request: 0.000224 seconds.
  path: Assets/Data/Images/level.locked-hd.png
  artifactKey: Guid(327491d94a3e3354dabfe0be69c0269a) Importer(815301076,1909f56bfc062723c751e8b465ee728b)
Start importing Assets/Data/Images/level.locked-hd.png using Guid(327491d94a3e3354dabfe0be69c0269a) Importer(815301076,1909f56bfc062723c751e8b465ee728b)  -> (artifact id: '5120bf972d1b7f0a6f8d2d39640d8e0d') in 0.014976 seconds 
  Import took 0.020696 seconds .

========================================================================
Received Import Request.
  Time since last request: 853.314733 seconds.
  path: Assets/Prefabs/GameManager.prefab
  artifactKey: Guid(76a99751df0b2a24ca6a3986a59a44b5) Importer(815301076,1909f56bfc062723c751e8b465ee728b)
Start importing Assets/Prefabs/GameManager.prefab using Guid(76a99751df0b2a24ca6a3986a59a44b5) Importer(815301076,1909f56bfc062723c751e8b465ee728b)  -> (artifact id: '0211ef80e311bd63ff9b796c7b6d7702') in 0.023355 seconds 
  Import took 0.029407 seconds .

========================================================================
Received Import Request.
  Time since last request: 10.699302 seconds.
  path: Assets/Scenes/MenuScene.unity
  artifactKey: Guid(2cda990e2423bbf4892e6590ba056729) Importer(815301076,1909f56bfc062723c751e8b465ee728b)
Start importing Assets/Scenes/MenuScene.unity using Guid(2cda990e2423bbf4892e6590ba056729) Importer(815301076,1909f56bfc062723c751e8b465ee728b)  -> (artifact id: '115b99369df5b43aa5024fa7c97c07ff') in 0.009723 seconds 
  Import took 0.013853 seconds .

========================================================================
Received Import Request.
  Time since last request: 4.524798 seconds.
  path: Assets/Prefabs/Canvas.prefab
  artifactKey: Guid(5bb294ea1e0dd194facbf9478683dafb) Importer(815301076,1909f56bfc062723c751e8b465ee728b)
Start importing Assets/Prefabs/Canvas.prefab using Guid(5bb294ea1e0dd194facbf9478683dafb) Importer(815301076,1909f56bfc062723c751e8b465ee728b)  -> (artifact id: '916949ba442ebff37145778158532ded') in 0.021404 seconds 
  Import took 0.026469 seconds .

========================================================================
Received Import Request.
  Time since last request: 20.119941 seconds.
  path: Assets/Scenes/PackSelectorScene.unity
  artifactKey: Guid(a5315fb0f849ac949b3ef624024ec4d8) Importer(815301076,1909f56bfc062723c751e8b465ee728b)
Start importing Assets/Scenes/PackSelectorScene.unity using Guid(a5315fb0f849ac949b3ef624024ec4d8) Importer(815301076,1909f56bfc062723c751e8b465ee728b)  -> (artifact id: 'bcd3e09faf22c33279922eeb2c5ad2d8') in 0.008492 seconds 
  Import took 0.012528 seconds .

========================================================================
Received Import Request.
  Time since last request: 116.304129 seconds.
  path: Assets/Scenes/PackSelectorScene.unity
  artifactKey: Guid(a5315fb0f849ac949b3ef624024ec4d8) Importer(815301076,1909f56bfc062723c751e8b465ee728b)
Start importing Assets/Scenes/PackSelectorScene.unity using Guid(a5315fb0f849ac949b3ef624024ec4d8) Importer(815301076,1909f56bfc062723c751e8b465ee728b)  -> (artifact id: '9a392269128771ae1e471c401fe14f5c') in 0.003871 seconds 
  Import took 0.008424 seconds .

========================================================================
Received Import Request.
  Time since last request: 868.211394 seconds.
  path: Assets/Data/Fonts
  artifactKey: Guid(5e907b73cd6d18440a8e69a0c7be4910) Importer(815301076,1909f56bfc062723c751e8b465ee728b)
Start importing Assets/Data/Fonts using Guid(5e907b73cd6d18440a8e69a0c7be4910) Importer(815301076,1909f56bfc062723c751e8b465ee728b)  -> (artifact id: '53b274d4db172ed3b32bf067bba16c65') in 0.009146 seconds 
  Import took 0.015522 seconds .

========================================================================
Received Import Request.
  Time since last request: 0.001217 seconds.
  path: Assets/Data/Fonts
  artifactKey: Guid(5e907b73cd6d18440a8e69a0c7be4910) Importer(815301076,1909f56bfc062723c751e8b465ee728b)
Start importing Assets/Data/Fonts using Guid(5e907b73cd6d18440a8e69a0c7be4910) Importer(815301076,1909f56bfc062723c751e8b465ee728b)  -> (artifact id: '53b274d4db172ed3b32bf067bba16c65') in 0.004609 seconds 
  Import took 0.010027 seconds .

========================================================================
Received Import Request.
  Time since last request: 36.354634 seconds.
  path: Assets/Data/Fonts/Roboto-Bold.ttf
  artifactKey: Guid(6ee7eec554c12074ca3f2380fcfc9a9b) Importer(815301076,1909f56bfc062723c751e8b465ee728b)
Start importing Assets/Data/Fonts/Roboto-Bold.ttf using Guid(6ee7eec554c12074ca3f2380fcfc9a9b) Importer(815301076,1909f56bfc062723c751e8b465ee728b)  -> (artifact id: 'ba18b7e17438626eae729f024381eaf9') in 0.065054 seconds 
  Import took 0.069868 seconds .

========================================================================
Received Import Request.
  Time since last request: 0.000418 seconds.
  path: Assets/Data/Fonts/Roboto-Thin.ttf
  artifactKey: Guid(0b7d89548b2cf8f40bea275efec639d4) Importer(815301076,1909f56bfc062723c751e8b465ee728b)
Start importing Assets/Data/Fonts/Roboto-Thin.ttf using Guid(0b7d89548b2cf8f40bea275efec639d4) Importer(815301076,1909f56bfc062723c751e8b465ee728b)  -> (artifact id: '6199c4a5afebb66c6a84aff9911c1218') in 0.018232 seconds 
  Import took 0.022662 seconds .

========================================================================
Received Import Request.
  Time since last request: 0.000244 seconds.
  path: Assets/Data/Fonts/Roboto-Light.ttf
  artifactKey: Guid(b4c8ab99014863d4697cdd1917150699) Importer(815301076,1909f56bfc062723c751e8b465ee728b)
Start importing Assets/Data/Fonts/Roboto-Light.ttf using Guid(b4c8ab99014863d4697cdd1917150699) Importer(815301076,1909f56bfc062723c751e8b465ee728b)  -> (artifact id: '84839ad44b2e4ce15ceb408b266c4e4d') in 0.020532 seconds 
  Import took 0.025508 seconds .

========================================================================
Received Import Request.
  Time since last request: 0.000199 seconds.
  path: Assets/Data/Fonts/Roboto-Regular.ttf
  artifactKey: Guid(38e8552af7991f24c88554c1c315c0ab) Importer(815301076,1909f56bfc062723c751e8b465ee728b)
Start importing Assets/Data/Fonts/Roboto-Regular.ttf using Guid(38e8552af7991f24c88554c1c315c0ab) Importer(815301076,1909f56bfc062723c751e8b465ee728b)  -> (artifact id: 'eb074dec307dfae30b3f63bbae50fee8') in 0.022508 seconds 
  Import took 0.027681 seconds .

AssetImportWorkerClient::OnTransportError - code=2 error=End of file
